<?xml version="1.0" encoding="UTF-8"?>
<testsuite name="download_subtitles_tests.TestSubtitleCrawler-20211212231615" tests="5" file="download_subtitles_tests.py" time="0.047" timestamp="2021-12-12T23:16:15" failures="0" errors="0" skipped="0">
	<testcase classname="download_subtitles_tests.TestSubtitleCrawler" name="test_download_subtitles" time="0.031" timestamp="2021-12-12T23:16:15"/>
	<testcase classname="download_subtitles_tests.TestSubtitleCrawler" name="test_download_subtitles_endpoint_error" time="0.000" timestamp="2021-12-12T23:16:15"/>
	<testcase classname="download_subtitles_tests.TestSubtitleCrawler" name="test_save_json_format_in_directory" time="0.016" timestamp="2021-12-12T23:16:15"/>
	<testcase classname="download_subtitles_tests.TestSubtitleCrawler" name="test_search_subtitles_by_id" time="0.000" timestamp="2021-12-12T23:16:15"/>
	<testcase classname="download_subtitles_tests.TestSubtitleCrawler" name="test_search_subtitles_by_id_endpoint_error" time="0.000" timestamp="2021-12-12T23:16:15"/>
</testsuite>
