<?xml version="1.0" encoding="UTF-8"?>
<testsuite name="download_subtitles_tests.TestSubtitleCrawler-20211212231646" tests="5" file="download_subtitles_tests.py" time="0.063" timestamp="2021-12-12T23:16:47" failures="0" errors="0" skipped="0">
	<testcase classname="download_subtitles_tests.TestSubtitleCrawler" name="test_download_subtitles" time="0.033" timestamp="2021-12-12T23:16:47"/>
	<testcase classname="download_subtitles_tests.TestSubtitleCrawler" name="test_download_subtitles_endpoint_error" time="0.000" timestamp="2021-12-12T23:16:47"/>
	<testcase classname="download_subtitles_tests.TestSubtitleCrawler" name="test_save_json_format_in_directory" time="0.029" timestamp="2021-12-12T23:16:47"/>
	<testcase classname="download_subtitles_tests.TestSubtitleCrawler" name="test_search_subtitles_by_id" time="0.000" timestamp="2021-12-12T23:16:47"/>
	<testcase classname="download_subtitles_tests.TestSubtitleCrawler" name="test_search_subtitles_by_id_endpoint_error" time="0.000" timestamp="2021-12-12T23:16:47"/>
</testsuite>
